# JRE version: OpenJDK Runtime Environment (8.0_112-b06) (build 1.8.0_112-release-b06)
# Java VM: OpenJDK 64-Bit Server VM (25.112-b06 mixed mode linux-amd64 compressed oops)
Heap:
 PSYoungGen      total 438272K, used 0K [0x00000000e0000000, 0x00000000ffd00000, 0x0000000100000000)
  eden space 359424K, 0% used [0x00000000e0000000,0x00000000e0000000,0x00000000f5f00000)
  from space 78848K, 0% used [0x00000000fb000000,0x00000000fb000000,0x00000000ffd00000)
  to   space 80896K, 0% used [0x00000000f5f00000,0x00000000f5f00000,0x00000000fae00000)
 ParOldGen       total 678400K, used 650958K [0x00000000a0000000, 0x00000000c9680000, 0x00000000e0000000)
  object space 678400K, 95% used [0x00000000a0000000,0x00000000c7bb3a98,0x00000000c9680000)
 Metaspace       used 100994K, capacity 105922K, committed 108160K, reserved 1142784K
  class space    used 12850K, capacity 13749K, committed 14208K, reserved 1048576K
GC Heap History (10 events):
Event: 1710.854 GC heap after
Heap after GC invocations=43 (full 7):
 PSYoungGen      total 435712K, used 0K [0x00000000e0000000, 0x0000000100000000, 0x0000000100000000)
  eden space 349184K, 0% used [0x00000000e0000000,0x00000000e0000000,0x00000000f5500000)
  from space 86528K, 0% used [0x00000000fab80000,0x00000000fab80000,0x0000000100000000)
  to   space 87552K, 0% used [0x00000000f5500000,0x00000000f5500000,0x00000000faa80000)
 ParOldGen       total 678400K, used 464812K [0x00000000a0000000, 0x00000000c9680000, 0x00000000e0000000)
  object space 678400K, 68% used [0x00000000a0000000,0x00000000bc5eb170,0x00000000c9680000)
 Metaspace       used 100989K, capacity 105922K, committed 108160K, reserved 1142784K
  class space    used 12850K, capacity 13749K, committed 14208K, reserved 1048576K
}
Event: 1711.794 GC heap before
{Heap before GC invocations=44 (full 7):
 PSYoungGen      total 435712K, used 349184K [0x00000000e0000000, 0x0000000100000000, 0x0000000100000000)
  eden space 349184K, 100% used [0x00000000e0000000,0x00000000f5500000,0x00000000f5500000)
  from space 86528K, 0% used [0x00000000fab80000,0x00000000fab80000,0x0000000100000000)
  to   space 87552K, 0% used [0x00000000f5500000,0x00000000f5500000,0x00000000faa80000)
 ParOldGen       total 678400K, used 464812K [0x00000000a0000000, 0x00000000c9680000, 0x00000000e0000000)
  object space 678400K, 68% used [0x00000000a0000000,0x00000000bc5eb170,0x00000000c9680000)
 Metaspace       used 100992K, capacity 105922K, committed 108160K, reserved 1142784K
  class space    used 12850K, capacity 13749K, committed 14208K, reserved 1048576K
Event: 1711.834 GC heap after
Heap after GC invocations=44 (full 7):
 PSYoungGen      total 436736K, used 51497K [0x00000000e0000000, 0x00000000fff00000, 0x0000000100000000)
  eden space 349184K, 0% used [0x00000000e0000000,0x00000000e0000000,0x00000000f5500000)
  from space 87552K, 58% used [0x00000000f5500000,0x00000000f874a590,0x00000000faa80000)
  to   space 86528K, 0% used [0x00000000faa80000,0x00000000faa80000,0x00000000fff00000)
 ParOldGen       total 678400K, used 464812K [0x00000000a0000000, 0x00000000c9680000, 0x00000000e0000000)
  object space 678400K, 68% used [0x00000000a0000000,0x00000000bc5eb170,0x00000000c9680000)
 Metaspace       used 100992K, capacity 105922K, committed 108160K, reserved 1142784K
  class space    used 12850K, capacity 13749K, committed 14208K, reserved 1048576K
}
Event: 1712.256 GC heap before
{Heap before GC invocations=45 (full 7):
 PSYoungGen      total 436736K, used 400681K [0x00000000e0000000, 0x00000000fff00000, 0x0000000100000000)
  eden space 349184K, 100% used [0x00000000e0000000,0x00000000f5500000,0x00000000f5500000)
  from space 87552K, 58% used [0x00000000f5500000,0x00000000f874a590,0x00000000faa80000)
  to   space 86528K, 0% used [0x00000000faa80000,0x00000000faa80000,0x00000000fff00000)
 ParOldGen       total 678400K, used 464812K [0x00000000a0000000, 0x00000000c9680000, 0x00000000e0000000)
  object space 678400K, 68% used [0x00000000a0000000,0x00000000bc5eb170,0x00000000c9680000)
 Metaspace       used 100994K, capacity 105922K, committed 108160K, reserved 1142784K
  class space    used 12850K, capacity 13749K, committed 14208K, reserved 1048576K
Event: 1712.397 GC heap after
Heap after GC invocations=45 (full 7):
 PSYoungGen      total 429568K, used 45649K [0x00000000e0000000, 0x00000000ff800000, 0x0000000100000000)
  eden space 350208K, 0% used [0x00000000e0000000,0x00000000e0000000,0x00000000f5600000)
  from space 79360K, 57% used [0x00000000faa80000,0x00000000fd714760,0x00000000ff800000)
  to   space 82944K, 0% used [0x00000000f5600000,0x00000000f5600000,0x00000000fa700000)
 ParOldGen       total 678400K, used 514789K [0x00000000a0000000, 0x00000000c9680000, 0x00000000e0000000)
  object space 678400K, 75% used [0x00000000a0000000,0x00000000bf6b9730,0x00000000c9680000)
 Metaspace       used 100994K, capacity 105922K, committed 108160K, reserved 1142784K
  class space    used 12850K, capacity 13749K, committed 14208K, reserved 1048576K
}
Event: 1713.343 GC heap before
{Heap before GC invocations=46 (full 7):
 PSYoungGen      total 429568K, used 395857K [0x00000000e0000000, 0x00000000ff800000, 0x0000000100000000)
  eden space 350208K, 100% used [0x00000000e0000000,0x00000000f5600000,0x00000000f5600000)
  from space 79360K, 57% used [0x00000000faa80000,0x00000000fd714760,0x00000000ff800000)
  to   space 82944K, 0% used [0x00000000f5600000,0x00000000f5600000,0x00000000fa700000)
 ParOldGen       total 678400K, used 514789K [0x00000000a0000000, 0x00000000c9680000, 0x00000000e0000000)
  object space 678400K, 75% used [0x00000000a0000000,0x00000000bf6b9730,0x00000000c9680000)
 Metaspace       used 100994K, capacity 105922K, committed 108160K, reserved 1142784K
  class space    used 12850K, capacity 13749K, committed 14208K, reserved 1048576K
Event: 1713.482 GC heap after
Heap after GC invocations=46 (full 7):
 PSYoungGen      total 433152K, used 50542K [0x00000000e0000000, 0x0000000100000000, 0x0000000100000000)
  eden space 350208K, 0% used [0x00000000e0000000,0x00000000e0000000,0x00000000f5600000)
  from space 82944K, 60% used [0x00000000f5600000,0x00000000f875ba20,0x00000000fa700000)
  to   space 81920K, 0% used [0x00000000fb000000,0x00000000fb000000,0x0000000100000000)
 ParOldGen       total 678400K, used 556012K [0x00000000a0000000, 0x00000000c9680000, 0x00000000e0000000)
  object space 678400K, 81% used [0x00000000a0000000,0x00000000c1efb1a8,0x00000000c9680000)
 Metaspace       used 100994K, capacity 105922K, committed 108160K, reserved 1142784K
  class space    used 12850K, capacity 13749K, committed 14208K, reserved 1048576K
}
Event: 1714.081 GC heap before
{Heap before GC invocations=47 (full 7):
 PSYoungGen      total 433152K, used 400750K [0x00000000e0000000, 0x0000000100000000, 0x0000000100000000)
  eden space 350208K, 100% used [0x00000000e0000000,0x00000000f5600000,0x00000000f5600000)
  from space 82944K, 60% used [0x00000000f5600000,0x00000000f875ba20,0x00000000fa700000)
  to   space 81920K, 0% used [0x00000000fb000000,0x00000000fb000000,0x0000000100000000)
 ParOldGen       total 678400K, used 556012K [0x00000000a0000000, 0x00000000c9680000, 0x00000000e0000000)
  object space 678400K, 81% used [0x00000000a0000000,0x00000000c1efb1a8,0x00000000c9680000)
 Metaspace       used 100994K, capacity 105922K, committed 108160K, reserved 1142784K
  class space    used 12850K, capacity 13749K, committed 14208K, reserved 1048576K
Event: 1714.224 GC heap after
Heap after GC invocations=47 (full 7):
 PSYoungGen      total 438272K, used 50829K [0x00000000e0000000, 0x00000000ffd00000, 0x0000000100000000)
  eden space 359424K, 0% used [0x00000000e0000000,0x00000000e0000000,0x00000000f5f00000)
  from space 78848K, 64% used [0x00000000fb000000,0x00000000fe1a3610,0x00000000ffd00000)
  to   space 80896K, 0% used [0x00000000f5f00000,0x00000000f5f00000,0x00000000fae00000)
 ParOldGen       total 678400K, used 604957K [0x00000000a0000000, 0x00000000c9680000, 0x00000000e0000000)
  object space 678400K, 89% used [0x00000000a0000000,0x00000000c4ec7768,0x00000000c9680000)
 Metaspace       used 100994K, capacity 105922K, committed 108160K, reserved 1142784K
  class space    used 12850K, capacity 13749K, committed 14208K, reserved 1048576K
}
Event: 1714.224 GC heap before
{Heap before GC invocations=48 (full 8):
 PSYoungGen      total 438272K, used 50829K [0x00000000e0000000, 0x00000000ffd00000, 0x0000000100000000)
  eden space 359424K, 0% used [0x00000000e0000000,0x00000000e0000000,0x00000000f5f00000)
  from space 78848K, 64% used [0x00000000fb000000,0x00000000fe1a3610,0x00000000ffd00000)
  to   space 80896K, 0% used [0x00000000f5f00000,0x00000000f5f00000,0x00000000fae00000)
 ParOldGen       total 678400K, used 604957K [0x00000000a0000000, 0x00000000c9680000, 0x00000000e0000000)
  object space 678400K, 89% used [0x00000000a0000000,0x00000000c4ec7768,0x00000000c9680000)
 Metaspace       used 100994K, capacity 105922K, committed 108160K, reserved 1142784K
  class space    used 12850K, capacity 13749K, committed 14208K, reserved 1048576K

